Using pre-set license
Built from '2020.3/release' branch; Version is '2020.3.7f1 (dd97f2c94397) revision 14522354'; Using compiler version '192528614'; Build Type 'Release'
OS: 'Windows 10 Home; OS build 19042.985; Version 2009; 64bit' Language: 'ja' Physical Memory: 16227 MB
BatchMode: 1, IsHumanControllingUs: 0, StartBugReporterOnCrash: 0, Is64bit: 1, IsPro: 0

 COMMAND LINE ARGUMENTS:
C:\Program Files\Unity\Hub\Editor\2020.3.7f1\Editor\Unity.exe
-adb2
-batchMode
-noUpm
-name
AssetImportWorker0
-projectPath
C:/Users/vantan/OneDrive/ドキュメント/KadaiProgram
-logFile
Logs/AssetImportWorker0.log
-srvPort
64048
Successfully changed project path to: C:/Users/vantan/OneDrive/ドキュメント/KadaiProgram
C:/Users/vantan/OneDrive/ドキュメント/KadaiProgram
Using Asset Import Pipeline V2.
Refreshing native plugins compatible for Editor in 22.76 ms, found 0 plugins.
Preloading 0 native plugins for Editor in 0.00 ms.
Initialize engine version: 2020.3.7f1 (dd97f2c94397)
[Subsystems] Discovering subsystems at path C:/Program Files/Unity/Hub/Editor/2020.3.7f1/Editor/Data/Resources/UnitySubsystems
[Subsystems] Discovering subsystems at path C:/Users/vantan/OneDrive/ドキュメント/KadaiProgram/Assets
GfxDevice: creating device client; threaded=0
Direct3D:
    Version:  Direct3D 11.0 [level 11.1]
    Renderer: NVIDIA GeForce GTX 1650 (ID=0x1f91)
    Vendor:   
    VRAM:     3962 MB
    Driver:   26.21.14.4223
Initialize mono
Mono path[0] = 'C:/Program Files/Unity/Hub/Editor/2020.3.7f1/Editor/Data/Managed'
Mono path[1] = 'C:/Program Files/Unity/Hub/Editor/2020.3.7f1/Editor/Data/MonoBleedingEdge/lib/mono/unityjit'
Mono config path = 'C:/Program Files/Unity/Hub/Editor/2020.3.7f1/Editor/Data/MonoBleedingEdge/etc'
Using monoOptions --debugger-agent=transport=dt_socket,embedding=1,server=y,suspend=n,address=127.0.0.1:56588
Begin MonoManager ReloadAssembly
Registering precompiled unity dll's ...
Register platform support module: C:/Program Files/Unity/Hub/Editor/2020.3.7f1/Editor/Data/PlaybackEngines/WindowsStandaloneSupport/UnityEditor.WindowsStandalone.Extensions.dll
Registered in 0.003465 seconds.
Native extension for WindowsStandalone target not found
Refreshing native plugins compatible for Editor in 21.48 ms, found 0 plugins.
Preloading 0 native plugins for Editor in 0.00 ms.
Mono: successfully reloaded assembly
- Completed reload, in  1.330 seconds
Platform modules already initialized, skipping
Registering precompiled user dll's ...
Registered in 0.001255 seconds.
Begin MonoManager ReloadAssembly
Native extension for WindowsStandalone target not found
Refreshing native plugins compatible for Editor in 0.19 ms, found 0 plugins.
Preloading 0 native plugins for Editor in 0.00 ms.
Mono: successfully reloaded assembly
- Completed reload, in  0.875 seconds
Platform modules already initialized, skipping
========================================================================
Worker process is ready to serve import requests
Launched and connected shader compiler UnityShaderCompiler.exe after 0.05 seconds
Refreshing native plugins compatible for Editor in 0.19 ms, found 0 plugins.
Preloading 0 native plugins for Editor in 0.00 ms.
Unloading 1119 Unused Serialized files (Serialized files now loaded: 0)
System memory in use before: 60.0 MB.
System memory in use after: 60.1 MB.

Unloading 10 unused Assets to reduce memory usage. Loaded Objects now: 1562.
Total: 3.225100 ms (FindLiveObjects: 0.272100 ms CreateObjectMapping: 0.322800 ms MarkObjects: 2.518300 ms  DeleteObjects: 0.110300 ms)

========================================================================
Received Import Request.
  path: Assets/Sprict/Cell.cs
  artifactKey: Guid(0279ab253c126014ba7d96076b8c6448) Importer(815301076,1909f56bfc062723c751e8b465ee728b)
Start importing Assets/Sprict/Cell.cs using Guid(0279ab253c126014ba7d96076b8c6448) Importer(815301076,1909f56bfc062723c751e8b465ee728b)  -> (artifact id: '66a374e8844ba081cf58872cdba6e7e4') in 0.080387 seconds
  Import took 0.086526 seconds .

========================================================================
Received Import Request.
  Time since last request: 0.000289 seconds.
  path: Assets/Prefab/cell.prefab
  artifactKey: Guid(21830c500179bfd4f80a93e9da97c4e2) Importer(815301076,1909f56bfc062723c751e8b465ee728b)
Start importing Assets/Prefab/cell.prefab using Guid(21830c500179bfd4f80a93e9da97c4e2) Importer(815301076,1909f56bfc062723c751e8b465ee728b)  -> (artifact id: '889d3860b97ab308cb9c5d7f25165dc0') in 0.054469 seconds
  Import took 0.059452 seconds .

========================================================================
Received Import Request.
  Time since last request: 20.509884 seconds.
  path: Assets/Prefab/Scenes/Main.unity
  artifactKey: Guid(b60914996a5448e46a6780d2448dd590) Importer(815301076,1909f56bfc062723c751e8b465ee728b)
Start importing Assets/Prefab/Scenes/Main.unity using Guid(b60914996a5448e46a6780d2448dd590) Importer(815301076,1909f56bfc062723c751e8b465ee728b)  -> (artifact id: 'd72141c255d35f2907bca57d783c9faa') in 0.005484 seconds
  Import took 0.011982 seconds .

AssetImportWorkerClient::OnTransportError - code=2 error=End of file
